g:\engine\new folder\dx11starter_ecsengine\dx11_ecsengine\x64\release\vc142.pdb
g:\engine\new folder\dx11starter_ecsengine\dx11_ecsengine\x64\release\initengine.obj
g:\engine\new folder\dx11starter_ecsengine\dx11_ecsengine\x64\release\systemsplan.obj
g:\engine\new folder\dx11starter_ecsengine\dx11_ecsengine\x64\release\skyshader.obj
g:\engine\new folder\dx11starter_ecsengine\dx11_ecsengine\x64\release\simpleshader.obj
g:\engine\new folder\dx11starter_ecsengine\dx11_ecsengine\x64\release\gameentities.obj
g:\engine\new folder\dx11starter_ecsengine\dx11_ecsengine\x64\release\main.obj
g:\engine\new folder\dx11starter_ecsengine\dx11_ecsengine\x64\release\dxcore.obj
g:\engine\new folder\dx11starter_ecsengine\dx11_ecsengine\x64\release\components.obj
g:\engine\new folder\dx11starter_ecsengine\dx11_ecsengine\x64\release\camera.obj
g:\engine\new folder\dx11starter_ecsengine\x64\release\xapobaseredist.pdb
g:\engine\new folder\dx11starter_ecsengine\x64\release\xaudio2_9redist.pdb
g:\engine\new folder\dx11starter_ecsengine\x64\release\xaudio2_9redist.dll
g:\engine\new folder\dx11starter_ecsengine\x64\release\dx11_ecsengine.ipdb
g:\engine\new folder\dx11starter_ecsengine\x64\release\dx11_ecsengine.iobj
g:\engine\new folder\dx11starter_ecsengine\x64\release\pixelshader.cso
g:\engine\new folder\dx11starter_ecsengine\x64\release\skyps.cso
g:\engine\new folder\dx11starter_ecsengine\x64\release\skyvs.cso
g:\engine\new folder\dx11starter_ecsengine\x64\release\vertexshader.cso
g:\engine\new folder\dx11starter_ecsengine\x64\release\dx11_ecsengine.exe
g:\engine\new folder\dx11starter_ecsengine\x64\release\dx11_ecsengine.pdb
g:\engine\new folder\dx11starter_ecsengine\dx11_ecsengine\x64\release\dx11_ecsengine.tlog\cl.command.1.tlog
g:\engine\new folder\dx11starter_ecsengine\dx11_ecsengine\x64\release\dx11_ecsengine.tlog\cl.read.1.tlog
g:\engine\new folder\dx11starter_ecsengine\dx11_ecsengine\x64\release\dx11_ecsengine.tlog\cl.write.1.tlog
g:\engine\new folder\dx11starter_ecsengine\dx11_ecsengine\x64\release\dx11_ecsengine.tlog\copylocal.read.1u.tlog
g:\engine\new folder\dx11starter_ecsengine\dx11_ecsengine\x64\release\dx11_ecsengine.tlog\copylocal.write.1u.tlog
g:\engine\new folder\dx11starter_ecsengine\dx11_ecsengine\x64\release\dx11_ecsengine.tlog\dx11_ecsengine.write.1u.tlog
g:\engine\new folder\dx11starter_ecsengine\dx11_ecsengine\x64\release\dx11_ecsengine.tlog\fxc.command.1.tlog
g:\engine\new folder\dx11starter_ecsengine\dx11_ecsengine\x64\release\dx11_ecsengine.tlog\fxc.read.1.tlog
g:\engine\new folder\dx11starter_ecsengine\dx11_ecsengine\x64\release\dx11_ecsengine.tlog\fxc.write.1.tlog
g:\engine\new folder\dx11starter_ecsengine\dx11_ecsengine\x64\release\dx11_ecsengine.tlog\link.command.1.tlog
g:\engine\new folder\dx11starter_ecsengine\dx11_ecsengine\x64\release\dx11_ecsengine.tlog\link.read.1.tlog
g:\engine\new folder\dx11starter_ecsengine\dx11_ecsengine\x64\release\dx11_ecsengine.tlog\link.write.1.tlog
