g:\engine\new folder\dx11starter_ecsengine\dx11_ecsengine\x64\debug\vc142.pdb
g:\engine\new folder\dx11starter_ecsengine\dx11_ecsengine\x64\debug\vc142.idb
g:\engine\new folder\dx11starter_ecsengine\dx11_ecsengine\x64\debug\initengine.obj
g:\engine\new folder\dx11starter_ecsengine\dx11_ecsengine\x64\debug\systemsplan.obj
g:\engine\new folder\dx11starter_ecsengine\dx11_ecsengine\x64\debug\skyshader.obj
g:\engine\new folder\dx11starter_ecsengine\dx11_ecsengine\x64\debug\simpleshader.obj
g:\engine\new folder\dx11starter_ecsengine\dx11_ecsengine\x64\debug\gameentities.obj
g:\engine\new folder\dx11starter_ecsengine\dx11_ecsengine\x64\debug\main.obj
g:\engine\new folder\dx11starter_ecsengine\dx11_ecsengine\x64\debug\dxcore.obj
g:\engine\new folder\dx11starter_ecsengine\dx11_ecsengine\x64\debug\components.obj
g:\engine\new folder\dx11starter_ecsengine\dx11_ecsengine\x64\debug\camera.obj
g:\engine\new folder\dx11starter_ecsengine\x64\debug\xapobaseredist.pdb
g:\engine\new folder\dx11starter_ecsengine\x64\debug\xaudio2_9redist.pdb
g:\engine\new folder\dx11starter_ecsengine\x64\debug\xaudio2_9redist.dll
g:\engine\new folder\dx11starter_ecsengine\x64\debug\pixelshader.cso
g:\engine\new folder\dx11starter_ecsengine\x64\debug\skyps.cso
g:\engine\new folder\dx11starter_ecsengine\x64\debug\skyvs.cso
g:\engine\new folder\dx11starter_ecsengine\x64\debug\vertexshader.cso
g:\engine\new folder\dx11starter_ecsengine\x64\debug\dx11_ecsengine.exe
g:\engine\new folder\dx11starter_ecsengine\x64\debug\dx11_ecsengine.ilk
g:\engine\new folder\dx11starter_ecsengine\x64\debug\dx11_ecsengine.pdb
g:\engine\new folder\dx11starter_ecsengine\dx11_ecsengine\x64\debug\dx11_ecsengine.tlog\cl.command.1.tlog
g:\engine\new folder\dx11starter_ecsengine\dx11_ecsengine\x64\debug\dx11_ecsengine.tlog\cl.read.1.tlog
g:\engine\new folder\dx11starter_ecsengine\dx11_ecsengine\x64\debug\dx11_ecsengine.tlog\cl.write.1.tlog
g:\engine\new folder\dx11starter_ecsengine\dx11_ecsengine\x64\debug\dx11_ecsengine.tlog\copylocal.read.1u.tlog
g:\engine\new folder\dx11starter_ecsengine\dx11_ecsengine\x64\debug\dx11_ecsengine.tlog\copylocal.write.1u.tlog
g:\engine\new folder\dx11starter_ecsengine\dx11_ecsengine\x64\debug\dx11_ecsengine.tlog\fxc.command.1.tlog
g:\engine\new folder\dx11starter_ecsengine\dx11_ecsengine\x64\debug\dx11_ecsengine.tlog\fxc.read.1.tlog
g:\engine\new folder\dx11starter_ecsengine\dx11_ecsengine\x64\debug\dx11_ecsengine.tlog\fxc.write.1.tlog
g:\engine\new folder\dx11starter_ecsengine\dx11_ecsengine\x64\debug\dx11_ecsengine.tlog\link.command.1.tlog
g:\engine\new folder\dx11starter_ecsengine\dx11_ecsengine\x64\debug\dx11_ecsengine.tlog\link.read.1.tlog
g:\engine\new folder\dx11starter_ecsengine\dx11_ecsengine\x64\debug\dx11_ecsengine.tlog\link.write.1.tlog
